<?xml version="1.0" encoding="UTF-8"?>
<testsuite name="info.yannxia.java.sample.CalcServiceWithRemoteRateTest" tests="2" skipped="0" failures="0" errors="0" timestamp="2017-07-04T02:46:10" hostname="yangxueyingMacBook-Pro.local" time="0.001">
  <properties/>
  <testcase name="test_compoundingCalc" classname="info.yannxia.java.sample.CalcServiceWithRemoteRateTest" time="0.0"/>
  <testcase name="test_compoundingCalcWithUserId" classname="info.yannxia.java.sample.CalcServiceWithRemoteRateTest" time="0.0"/>
  <system-out><![CDATA[]]></system-out>
  <system-err><![CDATA[]]></system-err>
</testsuite>
