<?xml version="1.0" encoding="UTF-8"?>
<testsuite name="info.yannxia.java.sample.CalcServiceTest" tests="3" skipped="0" failures="0" errors="0" timestamp="2017-07-04T02:46:10" hostname="yangxueyingMacBook-Pro.local" time="0.017">
  <properties/>
  <testcase name="test_compoundingCalcIllegalArgumentMonth" classname="info.yannxia.java.sample.CalcServiceTest" time="0.005"/>
  <testcase name="test_compoundingCalc" classname="info.yannxia.java.sample.CalcServiceTest" time="0.011"/>
  <testcase name="test_compoundingCalcIllegalArgumentMonthlyPrincipal" classname="info.yannxia.java.sample.CalcServiceTest" time="0.0"/>
  <system-out><![CDATA[]]></system-out>
  <system-err><![CDATA[]]></system-err>
</testsuite>
